빌드 시작: 2016-01-14 오후 4:49:15
     1>2 노드의 "D:\Study\Github\GodGame\Asset\OBJConverter\OBJConverter\OBJConverter.vcxproj" 프로젝트(Build 대상)입니다.
     1>ClCompile:
         C:\Program Files (x86)\Microsoft Visual Studio 14.0\VC\bin\x86_amd64\CL.exe /c /Zi /nologo /W3 /WX- /O2 /Oi /GL /D NDEBUG /D _CONSOLE /D _UNICODE /D UNICODE /Gm- /EHsc /MD /GS /Gy /fp:precise /Zc:wchar_t /Zc:forScope /Zc:inline /Fo"x64\Release\\" /Fd"x64\Release\vc140.pdb" /Gd /TP /errorReport:prompt loader.cpp objloader.cpp
         loader.cpp
     1>loader.cpp(18): warning C4800: 'int': 'true' 또는 'false'로 bool 값을 강제하고 있습니다(성능 경고).
     1>loader.cpp(13): warning C4996: 'scanf': This function or variable may be unsafe. Consider using scanf_s instead. To disable deprecation, use _CRT_SECURE_NO_WARNINGS. See online help for details.
         C:\Program Files (x86)\Windows Kits\10\Include\10.0.10150.0\ucrt\stdio.h(1270): note: 'scanf' 선언을 참조하십시오.
         objloader.cpp
     1>objloader.cpp(1113): warning C4244: '=': 'wchar_t'에서 'char'(으)로 변환하면서 데이터가 손실될 수 있습니다.
     1>objloader.cpp(1121): warning C4267: '초기화 중': 'size_t'에서 'UINT'(으)로 변환하면서 데이터가 손실될 수 있습니다.
     1>objloader.cpp(1131): warning C4267: '=': 'size_t'에서 'UINT'(으)로 변환하면서 데이터가 손실될 수 있습니다.
     1>objloader.cpp(1118): warning C4996: 'fopen': This function or variable may be unsafe. Consider using fopen_s instead. To disable deprecation, use _CRT_SECURE_NO_WARNINGS. See online help for details.
         C:\Program Files (x86)\Windows Kits\10\Include\10.0.10150.0\ucrt\stdio.h(205): note: 'fopen' 선언을 참조하십시오.
       Link:
         C:\Program Files (x86)\Microsoft Visual Studio 14.0\VC\bin\x86_amd64\link.exe /ERRORREPORT:PROMPT /OUT:"D:\Study\Github\GodGame\Asset\OBJConverter\x64\Release\OBJConverter.exe" /INCREMENTAL:NO /NOLOGO d3d11.lib d3dx11.lib d3dx11d.lib d3dcompiler.lib d3dx9.lib d3dx9d.lib dxerr.lib dxguid.lib dxgi.lib winmm.lib kernel32.lib user32.lib gdi32.lib winspool.lib comdlg32.lib advapi32.lib shell32.lib ole32.lib oleaut32.lib uuid.lib odbc32.lib odbccp32.lib /MANIFEST /MANIFESTUAC:"level='asInvoker' uiAccess='false'" /manifest:embed /Debug /PDB:"D:\Study\Github\GodGame\Asset\OBJConverter\x64\Release\OBJConverter.pdb" /SUBSYSTEM:CONSOLE /OPT:REF /OPT:ICF /LTCG:incremental /TLBID:1 /DYNAMICBASE /NXCOMPAT /IMPLIB:"D:\Study\Github\GodGame\Asset\OBJConverter\x64\Release\OBJConverter.lib" /MACHINE:X64 x64\Release\loader.obj
         x64\Release\objloader.obj
         코드를 생성하고 있습니다.
         4 of 888 functions ( 0.5%) were compiled, the rest were copied from previous compilation.
           2 functions were new in current compilation
           3 functions had inline decision re-evaluated but remain unchanged
         코드를 생성했습니다.
         OBJConverter.vcxproj -> D:\Study\Github\GodGame\Asset\OBJConverter\x64\Release\OBJConverter.exe
     1>"D:\Study\Github\GodGame\Asset\OBJConverter\OBJConverter\OBJConverter.vcxproj" 프로젝트를 빌드했습니다(Build 대상).

빌드했습니다.

경과 시간: 00:00:04.25
