  FBXParser.cpp
c:\program files (x86)\microsoft directx sdk (june 2010)\include\dxgitype.h(12): warning C4005: 'DXGI_STATUS_OCCLUDED': 매크로 재정의
  C:\Program Files (x86)\Windows Kits\8.1\Include\shared\winerror.h(50092): note: 'DXGI_STATUS_OCCLUDED'의 이전 정의를 참조하십시오.
c:\program files (x86)\microsoft directx sdk (june 2010)\include\dxgitype.h(13): warning C4005: 'DXGI_STATUS_CLIPPED': 매크로 재정의
  C:\Program Files (x86)\Windows Kits\8.1\Include\shared\winerror.h(50101): note: 'DXGI_STATUS_CLIPPED'의 이전 정의를 참조하십시오.
c:\program files (x86)\microsoft directx sdk (june 2010)\include\dxgitype.h(14): warning C4005: 'DXGI_STATUS_NO_REDIRECTION': 매크로 재정의
  C:\Program Files (x86)\Windows Kits\8.1\Include\shared\winerror.h(50110): note: 'DXGI_STATUS_NO_REDIRECTION'의 이전 정의를 참조하십시오.
c:\program files (x86)\microsoft directx sdk (june 2010)\include\dxgitype.h(15): warning C4005: 'DXGI_STATUS_NO_DESKTOP_ACCESS': 매크로 재정의
  C:\Program Files (x86)\Windows Kits\8.1\Include\shared\winerror.h(50119): note: 'DXGI_STATUS_NO_DESKTOP_ACCESS'의 이전 정의를 참조하십시오.
c:\program files (x86)\microsoft directx sdk (june 2010)\include\dxgitype.h(16): warning C4005: 'DXGI_STATUS_GRAPHICS_VIDPN_SOURCE_IN_USE': 매크로 재정의
  C:\Program Files (x86)\Windows Kits\8.1\Include\shared\winerror.h(50128): note: 'DXGI_STATUS_GRAPHICS_VIDPN_SOURCE_IN_USE'의 이전 정의를 참조하십시오.
c:\program files (x86)\microsoft directx sdk (june 2010)\include\dxgitype.h(17): warning C4005: 'DXGI_STATUS_MODE_CHANGED': 매크로 재정의
  C:\Program Files (x86)\Windows Kits\8.1\Include\shared\winerror.h(50137): note: 'DXGI_STATUS_MODE_CHANGED'의 이전 정의를 참조하십시오.
c:\program files (x86)\microsoft directx sdk (june 2010)\include\dxgitype.h(18): warning C4005: 'DXGI_STATUS_MODE_CHANGE_IN_PROGRESS': 매크로 재정의
  C:\Program Files (x86)\Windows Kits\8.1\Include\shared\winerror.h(50146): note: 'DXGI_STATUS_MODE_CHANGE_IN_PROGRESS'의 이전 정의를 참조하십시오.
c:\program files (x86)\microsoft directx sdk (june 2010)\include\dxgitype.h(21): warning C4005: 'DXGI_ERROR_INVALID_CALL': 매크로 재정의
  C:\Program Files (x86)\Windows Kits\8.1\Include\shared\winerror.h(50161): note: 'DXGI_ERROR_INVALID_CALL'의 이전 정의를 참조하십시오.
c:\program files (x86)\microsoft directx sdk (june 2010)\include\dxgitype.h(22): warning C4005: 'DXGI_ERROR_NOT_FOUND': 매크로 재정의
  C:\Program Files (x86)\Windows Kits\8.1\Include\shared\winerror.h(50170): note: 'DXGI_ERROR_NOT_FOUND'의 이전 정의를 참조하십시오.
c:\program files (x86)\microsoft directx sdk (june 2010)\include\dxgitype.h(23): warning C4005: 'DXGI_ERROR_MORE_DATA': 매크로 재정의
  C:\Program Files (x86)\Windows Kits\8.1\Include\shared\winerror.h(50179): note: 'DXGI_ERROR_MORE_DATA'의 이전 정의를 참조하십시오.
c:\program files (x86)\microsoft directx sdk (june 2010)\include\dxgitype.h(24): warning C4005: 'DXGI_ERROR_UNSUPPORTED': 매크로 재정의
  C:\Program Files (x86)\Windows Kits\8.1\Include\shared\winerror.h(50188): note: 'DXGI_ERROR_UNSUPPORTED'의 이전 정의를 참조하십시오.
c:\program files (x86)\microsoft directx sdk (june 2010)\include\dxgitype.h(25): warning C4005: 'DXGI_ERROR_DEVICE_REMOVED': 매크로 재정의
  C:\Program Files (x86)\Windows Kits\8.1\Include\shared\winerror.h(50197): note: 'DXGI_ERROR_DEVICE_REMOVED'의 이전 정의를 참조하십시오.
c:\program files (x86)\microsoft directx sdk (june 2010)\include\dxgitype.h(26): warning C4005: 'DXGI_ERROR_DEVICE_HUNG': 매크로 재정의
  C:\Program Files (x86)\Windows Kits\8.1\Include\shared\winerror.h(50206): note: 'DXGI_ERROR_DEVICE_HUNG'의 이전 정의를 참조하십시오.
c:\program files (x86)\microsoft directx sdk (june 2010)\include\dxgitype.h(27): warning C4005: 'DXGI_ERROR_DEVICE_RESET': 매크로 재정의
  C:\Program Files (x86)\Windows Kits\8.1\Include\shared\winerror.h(50216): note: 'DXGI_ERROR_DEVICE_RESET'의 이전 정의를 참조하십시오.
c:\program files (x86)\microsoft directx sdk (june 2010)\include\dxgitype.h(28): warning C4005: 'DXGI_ERROR_WAS_STILL_DRAWING': 매크로 재정의
  C:\Program Files (x86)\Windows Kits\8.1\Include\shared\winerror.h(50225): note: 'DXGI_ERROR_WAS_STILL_DRAWING'의 이전 정의를 참조하십시오.
c:\program files (x86)\microsoft directx sdk (june 2010)\include\dxgitype.h(29): warning C4005: 'DXGI_ERROR_FRAME_STATISTICS_DISJOINT': 매크로 재정의
  C:\Program Files (x86)\Windows Kits\8.1\Include\shared\winerror.h(50235): note: 'DXGI_ERROR_FRAME_STATISTICS_DISJOINT'의 이전 정의를 참조하십시오.
c:\program files (x86)\microsoft directx sdk (june 2010)\include\dxgitype.h(30): warning C4005: 'DXGI_ERROR_GRAPHICS_VIDPN_SOURCE_IN_USE': 매크로 재정의
  C:\Program Files (x86)\Windows Kits\8.1\Include\shared\winerror.h(50244): note: 'DXGI_ERROR_GRAPHICS_VIDPN_SOURCE_IN_USE'의 이전 정의를 참조하십시오.
c:\program files (x86)\microsoft directx sdk (june 2010)\include\dxgitype.h(31): warning C4005: 'DXGI_ERROR_DRIVER_INTERNAL_ERROR': 매크로 재정의
  C:\Program Files (x86)\Windows Kits\8.1\Include\shared\winerror.h(50254): note: 'DXGI_ERROR_DRIVER_INTERNAL_ERROR'의 이전 정의를 참조하십시오.
c:\program files (x86)\microsoft directx sdk (june 2010)\include\dxgitype.h(32): warning C4005: 'DXGI_ERROR_NONEXCLUSIVE': 매크로 재정의
  C:\Program Files (x86)\Windows Kits\8.1\Include\shared\winerror.h(50263): note: 'DXGI_ERROR_NONEXCLUSIVE'의 이전 정의를 참조하십시오.
c:\program files (x86)\microsoft directx sdk (june 2010)\include\dxgitype.h(33): warning C4005: 'DXGI_ERROR_NOT_CURRENTLY_AVAILABLE': 매크로 재정의
  C:\Program Files (x86)\Windows Kits\8.1\Include\shared\winerror.h(50272): note: 'DXGI_ERROR_NOT_CURRENTLY_AVAILABLE'의 이전 정의를 참조하십시오.
c:\program files (x86)\microsoft directx sdk (june 2010)\include\dxgitype.h(34): warning C4005: 'DXGI_ERROR_REMOTE_CLIENT_DISCONNECTED': 매크로 재정의
  C:\Program Files (x86)\Windows Kits\8.1\Include\shared\winerror.h(50282): note: 'DXGI_ERROR_REMOTE_CLIENT_DISCONNECTED'의 이전 정의를 참조하십시오.
c:\program files (x86)\microsoft directx sdk (june 2010)\include\dxgitype.h(35): warning C4005: 'DXGI_ERROR_REMOTE_OUTOFMEMORY': 매크로 재정의
  C:\Program Files (x86)\Windows Kits\8.1\Include\shared\winerror.h(50291): note: 'DXGI_ERROR_REMOTE_OUTOFMEMORY'의 이전 정의를 참조하십시오.
c:\program files (x86)\microsoft directx sdk (june 2010)\include\d3d11.h(917): warning C4005: 'D3D11_ERROR_TOO_MANY_UNIQUE_STATE_OBJECTS': 매크로 재정의
  C:\Program Files (x86)\Windows Kits\8.1\Include\shared\winerror.h(50469): note: 'D3D11_ERROR_TOO_MANY_UNIQUE_STATE_OBJECTS'의 이전 정의를 참조하십시오.
c:\program files (x86)\microsoft directx sdk (june 2010)\include\d3d11.h(918): warning C4005: 'D3D11_ERROR_FILE_NOT_FOUND': 매크로 재정의
  C:\Program Files (x86)\Windows Kits\8.1\Include\shared\winerror.h(50478): note: 'D3D11_ERROR_FILE_NOT_FOUND'의 이전 정의를 참조하십시오.
c:\program files (x86)\microsoft directx sdk (june 2010)\include\d3d11.h(919): warning C4005: 'D3D11_ERROR_TOO_MANY_UNIQUE_VIEW_OBJECTS': 매크로 재정의
  C:\Program Files (x86)\Windows Kits\8.1\Include\shared\winerror.h(50488): note: 'D3D11_ERROR_TOO_MANY_UNIQUE_VIEW_OBJECTS'의 이전 정의를 참조하십시오.
c:\program files (x86)\microsoft directx sdk (june 2010)\include\d3d11.h(920): warning C4005: 'D3D11_ERROR_DEFERRED_CONTEXT_MAP_WITHOUT_INITIAL_DISCARD': 매크로 재정의
  C:\Program Files (x86)\Windows Kits\8.1\Include\shared\winerror.h(50497): note: 'D3D11_ERROR_DEFERRED_CONTEXT_MAP_WITHOUT_INITIAL_DISCARD'의 이전 정의를 참조하십시오.
c:\program files (x86)\microsoft directx sdk (june 2010)\include\d3d10.h(608): warning C4005: 'D3D10_ERROR_TOO_MANY_UNIQUE_STATE_OBJECTS': 매크로 재정의
  C:\Program Files (x86)\Windows Kits\8.1\Include\shared\winerror.h(50445): note: 'D3D10_ERROR_TOO_MANY_UNIQUE_STATE_OBJECTS'의 이전 정의를 참조하십시오.
c:\program files (x86)\microsoft directx sdk (june 2010)\include\d3d10.h(609): warning C4005: 'D3D10_ERROR_FILE_NOT_FOUND': 매크로 재정의
  C:\Program Files (x86)\Windows Kits\8.1\Include\shared\winerror.h(50454): note: 'D3D10_ERROR_FILE_NOT_FOUND'의 이전 정의를 참조하십시오.
FBXParser.cpp(116): warning C4267: '+=': 'size_t'에서 'int'(으)로 변환하면서 데이터가 손실될 수 있습니다.
FBXParser.cpp(191): warning C4018: '<': signed 또는 unsigned가 일치하지 않습니다.
FBXParser.cpp(204): warning C4244: '인수': 'fbxsdk::FbxDouble'에서 'float'(으)로 변환하면서 데이터가 손실될 수 있습니다.
FBXParser.cpp(242): warning C4267: '초기화 중': 'size_t'에서 'int'(으)로 변환하면서 데이터가 손실될 수 있습니다.
FBXParser.cpp(249): warning C4267: '초기화 중': 'size_t'에서 'int'(으)로 변환하면서 데이터가 손실될 수 있습니다.
FBXParser.cpp(256): warning C4996: 'mbstowcs': This function or variable may be unsafe. Consider using mbstowcs_s instead. To disable deprecation, use _CRT_SECURE_NO_WARNINGS. See online help for details.
  C:\Program Files (x86)\Windows Kits\10\Include\10.0.10240.0\ucrt\stdlib.h(920): note: 'mbstowcs' 선언을 참조하십시오.
FBXParser.cpp(371): warning C4267: '초기화 중': 'size_t'에서 'UINT'(으)로 변환하면서 데이터가 손실될 수 있습니다.
FBXParser.cpp(383): warning C4267: '초기화 중': 'size_t'에서 'UINT'(으)로 변환하면서 데이터가 손실될 수 있습니다.
FBXParser.cpp(387): warning C4018: '<': signed 또는 unsigned가 일치하지 않습니다.
FBXParser.cpp(417): warning C4244: '=': 'wchar_t'에서 'char'(으)로 변환하면서 데이터가 손실될 수 있습니다.
FBXParser.cpp(424): warning C4267: '초기화 중': 'size_t'에서 'UINT'(으)로 변환하면서 데이터가 손실될 수 있습니다.
FBXParser.cpp(427): warning C4018: '<': signed 또는 unsigned가 일치하지 않습니다.
FBXParser.cpp(429): warning C4267: '초기화 중': 'size_t'에서 'UINT'(으)로 변환하면서 데이터가 손실될 수 있습니다.
FBXParser.cpp(434): warning C4267: '초기화 중': 'size_t'에서 'UINT'(으)로 변환하면서 데이터가 손실될 수 있습니다.
FBXParser.cpp(437): warning C4018: '<': signed 또는 unsigned가 일치하지 않습니다.
FBXParser.cpp(439): warning C4267: '초기화 중': 'size_t'에서 'UINT'(으)로 변환하면서 데이터가 손실될 수 있습니다.
FBXParser.cpp(443): warning C4018: '<': signed 또는 unsigned가 일치하지 않습니다.
FBXParser.cpp(422): warning C4996: 'fopen': This function or variable may be unsafe. Consider using fopen_s instead. To disable deprecation, use _CRT_SECURE_NO_WARNINGS. See online help for details.
  C:\Program Files (x86)\Windows Kits\10\Include\10.0.10240.0\ucrt\stdio.h(205): note: 'fopen' 선언을 참조하십시오.
FBXParser.cpp(466): warning C4267: '초기화 중': 'size_t'에서 'UINT'(으)로 변환하면서 데이터가 손실될 수 있습니다.
FBXParser.cpp(467): warning C4018: '<': signed 또는 unsigned가 일치하지 않습니다.
FBXParser.cpp(504): warning C4244: '+=': 'double'에서 'float'(으)로 변환하면서 데이터가 손실될 수 있습니다.
FBXParser.cpp(505): warning C4244: '+=': 'double'에서 'float'(으)로 변환하면서 데이터가 손실될 수 있습니다.
FBXParser.cpp(506): warning C4244: '+=': 'double'에서 'float'(으)로 변환하면서 데이터가 손실될 수 있습니다.
FBXParser.cpp(545): warning C4267: '+=': 'size_t'에서 'int'(으)로 변환하면서 데이터가 손실될 수 있습니다.
FBXParser.cpp(553): warning C4267: '초기화 중': 'size_t'에서 'int'(으)로 변환하면서 데이터가 손실될 수 있습니다.
FBXParser.cpp(555): warning C4018: '<': signed 또는 unsigned가 일치하지 않습니다.
FBXParser.cpp(562): warning C4267: '초기화 중': 'size_t'에서 'UINT'(으)로 변환하면서 데이터가 손실될 수 있습니다.
FBXParser.cpp(610): warning C4018: '<': signed 또는 unsigned가 일치하지 않습니다.
FBXParser.cpp(612): warning C4267: '초기화 중': 'size_t'에서 'int'(으)로 변환하면서 데이터가 손실될 수 있습니다.
FBXParser.cpp(577): warning C4996: 'itoa': The POSIX name for this item is deprecated. Instead, use the ISO C and C++ conformant name: _itoa. See online help for details.
  C:\Program Files (x86)\Windows Kits\10\Include\10.0.10240.0\ucrt\stdlib.h(1316): note: 'itoa' 선언을 참조하십시오.
FBXParser.cpp(591): warning C4996: 'itoa': The POSIX name for this item is deprecated. Instead, use the ISO C and C++ conformant name: _itoa. See online help for details.
  C:\Program Files (x86)\Windows Kits\10\Include\10.0.10240.0\ucrt\stdlib.h(1316): note: 'itoa' 선언을 참조하십시오.
FBXParser.cpp(607): warning C4996: 'fopen': This function or variable may be unsafe. Consider using fopen_s instead. To disable deprecation, use _CRT_SECURE_NO_WARNINGS. See online help for details.
  C:\Program Files (x86)\Windows Kits\10\Include\10.0.10240.0\ucrt\stdio.h(205): note: 'fopen' 선언을 참조하십시오.
FBXParser.cpp(619): warning C4996: 'fopen': This function or variable may be unsafe. Consider using fopen_s instead. To disable deprecation, use _CRT_SECURE_NO_WARNINGS. See online help for details.
  C:\Program Files (x86)\Windows Kits\10\Include\10.0.10240.0\ucrt\stdio.h(205): note: 'fopen' 선언을 참조하십시오.
FBXParser.cpp(756): warning C4267: '인수': 'size_t'에서 'int'(으)로 변환하면서 데이터가 손실될 수 있습니다.
FBXParser.cpp(828): warning C4244: '=': 'int'에서 'float'(으)로 변환하면서 데이터가 손실될 수 있습니다.
FBXParser.cpp(1028): warning C4267: '초기화 중': 'size_t'에서 'UINT'(으)로 변환하면서 데이터가 손실될 수 있습니다.
FBXParser.cpp(1029): warning C4018: '<': signed 또는 unsigned가 일치하지 않습니다.
FBXParser.cpp(1047): warning C4267: '초기화 중': 'size_t'에서 'int'(으)로 변환하면서 데이터가 손실될 수 있습니다.
FBXParser.cpp(1047): warning C4267: '초기화 중': 'size_t'에서 'const int'(으)로 변환하면서 데이터가 손실될 수 있습니다.
FBXParser.cpp(1331): warning C4267: '초기화 중': 'size_t'에서 'UINT'(으)로 변환하면서 데이터가 손실될 수 있습니다.
FBXParser.cpp(1332): warning C4018: '<': signed 또는 unsigned가 일치하지 않습니다.
FBXParser.cpp(1369): warning C4244: '+=': 'double'에서 'float'(으)로 변환하면서 데이터가 손실될 수 있습니다.
FBXParser.cpp(1370): warning C4244: '+=': 'double'에서 'float'(으)로 변환하면서 데이터가 손실될 수 있습니다.
FBXParser.cpp(1371): warning C4244: '+=': 'double'에서 'float'(으)로 변환하면서 데이터가 손실될 수 있습니다.
FBXParser.cpp(1496): warning C4244: '인수': 'fbxsdk::FbxDouble'에서 'float'(으)로 변환하면서 데이터가 손실될 수 있습니다.
FBXParser.cpp(1960): warning C4244: '+=': 'fbxsdk::FbxDouble'에서 'float'(으)로 변환하면서 데이터가 손실될 수 있습니다.
FBXParser.cpp(1970): warning C4018: '<': signed 또는 unsigned가 일치하지 않습니다.
FBXParser.cpp(1972): warning C4244: '=': 'fbxsdk::FbxDouble'에서 'float'(으)로 변환하면서 데이터가 손실될 수 있습니다.
FBXParser.cpp(1973): warning C4244: '=': 'fbxsdk::FbxDouble'에서 'float'(으)로 변환하면서 데이터가 손실될 수 있습니다.
FBXParser.cpp(1974): warning C4244: '=': 'fbxsdk::FbxDouble'에서 'float'(으)로 변환하면서 데이터가 손실될 수 있습니다.
FBXParser.cpp(1985): warning C4244: '=': 'fbxsdk::FbxDouble'에서 'float'(으)로 변환하면서 데이터가 손실될 수 있습니다.
FBXParser.cpp(1986): warning C4244: '=': 'fbxsdk::FbxDouble'에서 'float'(으)로 변환하면서 데이터가 손실될 수 있습니다.
FBXParser.cpp(1987): warning C4244: '=': 'fbxsdk::FbxDouble'에서 'float'(으)로 변환하면서 데이터가 손실될 수 있습니다.
  코드를 생성하고 있습니다.
  8 of 1406 functions ( 0.6%) were compiled, the rest were copied from previous compilation.
    0 functions were new in current compilation
    4 functions had inline decision re-evaluated but remain unchanged
  코드를 생성했습니다.
  FBXParser.vcxproj -> D:\study\Github\GodGame\Asset\FBXParser\x64\Release\FBXParser.exe
